<?xml version="1.0" encoding="UTF-8"?>
<!-- Generated by org.testng.reporters.JUnitReportReporter -->
<testsuite hostname="keveen-PC" name="Framework.TC_PageObject" tests="2" failures="0" timestamp="15 Jan 2016 11:11:42 GMT" time="27.120" errors="0">
  <testcase name="TestTriangleApp_TC" time="9.981" classname="Framework.TC_PageObject"/>
  <testcase name="TestTriangleApp_TC" time="17.139" classname="Framework.TC_PageObject"/>
</testsuite> <!-- Framework.TC_PageObject -->
