<?xml version="1.0" encoding="UTF-8"?>
<!-- Generated by org.testng.reporters.JUnitReportReporter -->
<testsuite hostname="keveen-PC" name="Practise_Testngg.Test_02" tests="1" failures="0" timestamp="7 Nov 2015 10:02:59 GMT" time="24.183" errors="0">
  <testcase name="f" time="24.183" classname="Practise_Testngg.Test_02"/>
</testsuite> <!-- Practise_Testngg.Test_02 -->
