<?xml version="1.0" encoding="UTF-8"?>
<!-- Generated by org.testng.reporters.JUnitReportReporter -->
<testsuite hostname="keveen-PC" name="SeleniumPractise.DataDriven_New" tests="1" failures="0" timestamp="27 Oct 2015 11:21:46 GMT" time="32.485" errors="0">
  <testcase name="Read_Excel" time="32.485" classname="SeleniumPractise.DataDriven_New"/>
</testsuite> <!-- SeleniumPractise.DataDriven_New -->
