<?xml version="1.0" encoding="UTF-8"?>
<!-- Generated by org.testng.reporters.JUnitReportReporter -->
<testsuite hostname="keveen-PC" name="SeleniumPractise.DataDriven_Script" tests="1" failures="0" timestamp="24 Oct 2015 23:30:09 GMT" time="17.989" errors="0">
  <testcase name="Read_Excel" time="17.989" classname="SeleniumPractise.DataDriven_Script"/>
</testsuite> <!-- SeleniumPractise.DataDriven_Script -->
