<?xml version="1.0" encoding="UTF-8"?>
<!-- Generated by org.testng.reporters.JUnitReportReporter -->
<testsuite hostname="keveen-PC" name="Practise_Testngg.Test_01" tests="1" failures="0" timestamp="3 Nov 2015 12:48:24 GMT" time="14.898" errors="0">
  <testcase name="f" time="14.898" classname="Practise_Testngg.Test_01"/>
</testsuite> <!-- Practise_Testngg.Test_01 -->
