<?xml version="1.0" encoding="UTF-8"?>
<!-- Generated by org.testng.reporters.JUnitReportReporter -->
<testsuite hostname="keveen-PC" name="SeleniumPractise.NewTest" tests="1" failures="0" timestamp="6 Nov 2015 11:17:12 GMT" time="32.375" errors="0">
  <testcase name="f" time="32.375" classname="SeleniumPractise.NewTest"/>
</testsuite> <!-- SeleniumPractise.NewTest -->
