<?xml version="1.0" encoding="UTF-8"?>
<!-- Generated by org.testng.reporters.JUnitReportReporter -->
<testsuite hostname="keveen-PC" name="Practise_Testngg.Test_03" tests="1" failures="0" timestamp="3 Nov 2015 12:48:24 GMT" time="16.949" errors="0">
  <testcase name="f" time="16.949" classname="Practise_Testngg.Test_03"/>
</testsuite> <!-- Practise_Testngg.Test_03 -->
