<?xml version="1.0" encoding="UTF-8"?>
<!-- Generated by org.testng.reporters.JUnitReportReporter -->
<testsuite hostname="keveen-PC" name="jenkinsdemo.demo" tests="1" failures="0" timestamp="18 Jan 2016 12:38:27 GMT" time="18.656" errors="0">
  <testcase name="f" time="18.656" classname="jenkinsdemo.demo"/>
</testsuite> <!-- jenkinsdemo.demo -->
