<?xml version="1.0" encoding="UTF-8"?>
<!-- Generated by org.testng.reporters.JUnitReportReporter -->
<testsuite hostname="keveen-PC" name="SeleniumPractise.Helper" tests="1" failures="0" timestamp="22 Oct 2015 13:48:23 GMT" time="6.454" errors="0">
  <testcase name="data" time="6.454" classname="SeleniumPractise.Helper"/>
</testsuite> <!-- SeleniumPractise.Helper -->
